-------------------------------------------------------------------------------
Test set: tests.SampleTest
-------------------------------------------------------------------------------
Tests run: 1, Failures: 1, Errors: 0, Skipped: 0, Time elapsed: 0.651 sec <<< FAILURE!
sampleTest(tests.SampleTest)  Time elapsed: 0.02 sec  <<< FAILURE!
java.lang.AssertionError: expected [true] but found [false]
	at org.testng.Assert.fail(Assert.java:94)
	at org.testng.Assert.failNotEquals(Assert.java:494)
	at org.testng.Assert.assertTrue(Assert.java:42)
	at org.testng.Assert.assertTrue(Assert.java:52)
	at tests.SampleTest.sampleTest(SampleTest.java:12)

